[2024-12-23T01:32:50.435+0000] {local_task_job_runner.py:120} INFO - ::group::Pre task execution logs
[2024-12-23T01:32:50.477+0000] {taskinstance.py:2076} INFO - Dependencies all met for dep_context=non-requeueable deps ti=<TaskInstance: pipeline.test manual__2024-12-23T01:32:27.704387+00:00 [queued]>
[2024-12-23T01:32:50.489+0000] {taskinstance.py:2076} INFO - Dependencies all met for dep_context=requeueable deps ti=<TaskInstance: pipeline.test manual__2024-12-23T01:32:27.704387+00:00 [queued]>
[2024-12-23T01:32:50.490+0000] {taskinstance.py:2306} INFO - Starting attempt 1 of 1
[2024-12-23T01:32:50.507+0000] {taskinstance.py:2330} INFO - Executing <Task(_PythonDecoratedOperator): test> on 2024-12-23 01:32:27.704387+00:00
[2024-12-23T01:32:50.514+0000] {standard_task_runner.py:64} INFO - Started process 1161 to run task
[2024-12-23T01:32:50.516+0000] {standard_task_runner.py:90} INFO - Running: ['***', 'tasks', 'run', 'pipeline', 'test', 'manual__2024-12-23T01:32:27.704387+00:00', '--job-id', '810', '--raw', '--subdir', 'DAGS_FOLDER/pipline.py', '--cfg-path', '/tmp/tmpldjv2nyw']
[2024-12-23T01:32:50.519+0000] {standard_task_runner.py:91} INFO - Job 810: Subtask test
[2024-12-23T01:32:50.576+0000] {task_command.py:426} INFO - Running <TaskInstance: pipeline.test manual__2024-12-23T01:32:27.704387+00:00 [running]> on host 1f52be018cad
[2024-12-23T01:32:50.693+0000] {taskinstance.py:2648} INFO - Exporting env vars: AIRFLOW_CTX_DAG_OWNER='***' AIRFLOW_CTX_DAG_ID='pipeline' AIRFLOW_CTX_TASK_ID='test' AIRFLOW_CTX_EXECUTION_DATE='2024-12-23T01:32:27.704387+00:00' AIRFLOW_CTX_TRY_NUMBER='1' AIRFLOW_CTX_DAG_RUN_ID='manual__2024-12-23T01:32:27.704387+00:00'
[2024-12-23T01:32:50.694+0000] {taskinstance.py:430} INFO - ::endgroup::
[2024-12-23T01:32:50.695+0000] {taskinstance.py:441} INFO - ::group::Post task execution logs
[2024-12-23T01:32:50.697+0000] {taskinstance.py:2905} ERROR - Task failed with exception
Traceback (most recent call last):
  File "/home/airflow/.local/lib/python3.11/site-packages/airflow/models/taskinstance.py", line 465, in _execute_task
    result = _execute_callable(context=context, **execute_callable_kwargs)
             ^^^^^^^^^^^^^^^^^^^^^^^^^^^^^^^^^^^^^^^^^^^^^^^^^^^^^^^^^^^^^
  File "/home/airflow/.local/lib/python3.11/site-packages/airflow/models/taskinstance.py", line 432, in _execute_callable
    return execute_callable(context=context, **execute_callable_kwargs)
           ^^^^^^^^^^^^^^^^^^^^^^^^^^^^^^^^^^^^^^^^^^^^^^^^^^^^^^^^^^^^
  File "/home/airflow/.local/lib/python3.11/site-packages/airflow/models/baseoperator.py", line 401, in wrapper
    return func(self, *args, **kwargs)
           ^^^^^^^^^^^^^^^^^^^^^^^^^^^
  File "/home/airflow/.local/lib/python3.11/site-packages/airflow/decorators/base.py", line 265, in execute
    return_value = super().execute(context)
                   ^^^^^^^^^^^^^^^^^^^^^^^^
  File "/home/airflow/.local/lib/python3.11/site-packages/airflow/models/baseoperator.py", line 401, in wrapper
    return func(self, *args, **kwargs)
           ^^^^^^^^^^^^^^^^^^^^^^^^^^^
  File "/home/airflow/.local/lib/python3.11/site-packages/airflow/operators/python.py", line 235, in execute
    return_value = self.execute_callable()
                   ^^^^^^^^^^^^^^^^^^^^^^^
  File "/home/airflow/.local/lib/python3.11/site-packages/airflow/operators/python.py", line 252, in execute_callable
    return self.python_callable(*self.op_args, **self.op_kwargs)
           ^^^^^^^^^^^^^^^^^^^^^^^^^^^^^^^^^^^^^^^^^^^^^^^^^^^^^
  File "/opt/airflow/dags/pipline.py", line 148, in test
    raise ValueError("Le chemin du fichier Parquet est vide ou None.")
ValueError: Le chemin du fichier Parquet est vide ou None.
[2024-12-23T01:32:50.712+0000] {taskinstance.py:1206} INFO - Marking task as FAILED. dag_id=pipeline, task_id=test, run_id=manual__2024-12-23T01:32:27.704387+00:00, execution_date=20241223T013227, start_date=20241223T013250, end_date=20241223T013250
[2024-12-23T01:32:50.728+0000] {standard_task_runner.py:110} ERROR - Failed to execute job 810 for task test (Le chemin du fichier Parquet est vide ou None.; 1161)
[2024-12-23T01:32:50.771+0000] {local_task_job_runner.py:243} INFO - Task exited with return code 1
[2024-12-23T01:32:50.796+0000] {taskinstance.py:3503} INFO - 0 downstream tasks scheduled from follow-on schedule check
[2024-12-23T01:32:50.799+0000] {local_task_job_runner.py:222} INFO - ::endgroup::
