[2024-11-10T19:39:40.186+0000] {local_task_job_runner.py:120} INFO - ::group::Pre task execution logs
[2024-11-10T19:39:40.210+0000] {taskinstance.py:2076} INFO - Dependencies all met for dep_context=non-requeueable deps ti=<TaskInstance: pipeline.insert_data_into_data_warehouse__1 manual__2024-11-10T19:39:29.390565+00:00 [queued]>
[2024-11-10T19:39:40.217+0000] {taskinstance.py:2076} INFO - Dependencies all met for dep_context=requeueable deps ti=<TaskInstance: pipeline.insert_data_into_data_warehouse__1 manual__2024-11-10T19:39:29.390565+00:00 [queued]>
[2024-11-10T19:39:40.218+0000] {taskinstance.py:2306} INFO - Starting attempt 1 of 1
[2024-11-10T19:39:40.229+0000] {taskinstance.py:2330} INFO - Executing <Task(_PythonDecoratedOperator): insert_data_into_data_warehouse__1> on 2024-11-10 19:39:29.390565+00:00
[2024-11-10T19:39:40.233+0000] {standard_task_runner.py:64} INFO - Started process 219 to run task
[2024-11-10T19:39:40.236+0000] {standard_task_runner.py:90} INFO - Running: ['***', 'tasks', 'run', 'pipeline', 'insert_data_into_data_warehouse__1', 'manual__2024-11-10T19:39:29.390565+00:00', '--job-id', '612', '--raw', '--subdir', 'DAGS_FOLDER/pipline.py', '--cfg-path', '/tmp/tmpmyq8n6r9']
[2024-11-10T19:39:40.238+0000] {standard_task_runner.py:91} INFO - Job 612: Subtask insert_data_into_data_warehouse__1
[2024-11-10T19:39:40.278+0000] {task_command.py:426} INFO - Running <TaskInstance: pipeline.insert_data_into_data_warehouse__1 manual__2024-11-10T19:39:29.390565+00:00 [running]> on host 2763946b2003
[2024-11-10T19:39:40.372+0000] {taskinstance.py:2648} INFO - Exporting env vars: AIRFLOW_CTX_DAG_OWNER='***' AIRFLOW_CTX_DAG_ID='pipeline' AIRFLOW_CTX_TASK_ID='insert_data_into_data_warehouse__1' AIRFLOW_CTX_EXECUTION_DATE='2024-11-10T19:39:29.390565+00:00' AIRFLOW_CTX_TRY_NUMBER='1' AIRFLOW_CTX_DAG_RUN_ID='manual__2024-11-10T19:39:29.390565+00:00'
[2024-11-10T19:39:40.373+0000] {taskinstance.py:430} INFO - ::endgroup::
[2024-11-10T19:39:40.373+0000] {taskinstance.py:441} INFO - ::group::Post task execution logs
[2024-11-10T19:39:40.374+0000] {taskinstance.py:2905} ERROR - Task failed with exception
Traceback (most recent call last):
  File "/home/airflow/.local/lib/python3.11/site-packages/airflow/models/taskinstance.py", line 465, in _execute_task
    result = _execute_callable(context=context, **execute_callable_kwargs)
             ^^^^^^^^^^^^^^^^^^^^^^^^^^^^^^^^^^^^^^^^^^^^^^^^^^^^^^^^^^^^^
  File "/home/airflow/.local/lib/python3.11/site-packages/airflow/models/taskinstance.py", line 432, in _execute_callable
    return execute_callable(context=context, **execute_callable_kwargs)
           ^^^^^^^^^^^^^^^^^^^^^^^^^^^^^^^^^^^^^^^^^^^^^^^^^^^^^^^^^^^^
  File "/home/airflow/.local/lib/python3.11/site-packages/airflow/models/baseoperator.py", line 401, in wrapper
    return func(self, *args, **kwargs)
           ^^^^^^^^^^^^^^^^^^^^^^^^^^^
  File "/home/airflow/.local/lib/python3.11/site-packages/airflow/decorators/base.py", line 265, in execute
    return_value = super().execute(context)
                   ^^^^^^^^^^^^^^^^^^^^^^^^
  File "/home/airflow/.local/lib/python3.11/site-packages/airflow/models/baseoperator.py", line 401, in wrapper
    return func(self, *args, **kwargs)
           ^^^^^^^^^^^^^^^^^^^^^^^^^^^
  File "/home/airflow/.local/lib/python3.11/site-packages/airflow/operators/python.py", line 235, in execute
    return_value = self.execute_callable()
                   ^^^^^^^^^^^^^^^^^^^^^^^
  File "/home/airflow/.local/lib/python3.11/site-packages/airflow/operators/python.py", line 252, in execute_callable
    return self.python_callable(*self.op_args, **self.op_kwargs)
           ^^^^^^^^^^^^^^^^^^^^^^^^^^^^^^^^^^^^^^^^^^^^^^^^^^^^^
  File "/opt/airflow/dags/pipline.py", line 125, in insert_data_into_data_warehouse
    data = [dict(item) for item in data]
           ^^^^^^^^^^^^^^^^^^^^^^^^^^^^^
  File "/opt/airflow/dags/pipline.py", line 125, in <listcomp>
    data = [dict(item) for item in data]
            ^^^^^^^^^^
TypeError: cannot convert dictionary update sequence element #0 to a sequence
[2024-11-10T19:39:40.385+0000] {taskinstance.py:1206} INFO - Marking task as FAILED. dag_id=pipeline, task_id=insert_data_into_data_warehouse__1, run_id=manual__2024-11-10T19:39:29.390565+00:00, execution_date=20241110T193929, start_date=20241110T193940, end_date=20241110T193940
[2024-11-10T19:39:40.395+0000] {standard_task_runner.py:110} ERROR - Failed to execute job 612 for task insert_data_into_data_warehouse__1 (cannot convert dictionary update sequence element #0 to a sequence; 219)
[2024-11-10T19:39:40.409+0000] {local_task_job_runner.py:243} INFO - Task exited with return code 1
[2024-11-10T19:39:40.422+0000] {taskinstance.py:3503} INFO - 0 downstream tasks scheduled from follow-on schedule check
[2024-11-10T19:39:40.424+0000] {local_task_job_runner.py:222} INFO - ::endgroup::
