[2024-12-22T15:31:39.773+0000] {local_task_job_runner.py:120} INFO - ::group::Pre task execution logs
[2024-12-22T15:31:39.803+0000] {taskinstance.py:2076} INFO - Dependencies all met for dep_context=non-requeueable deps ti=<TaskInstance: pipeline.fetch_data_from_csv manual__2024-12-22T15:31:16.647020+00:00 [queued]>
[2024-12-22T15:31:39.814+0000] {taskinstance.py:2076} INFO - Dependencies all met for dep_context=requeueable deps ti=<TaskInstance: pipeline.fetch_data_from_csv manual__2024-12-22T15:31:16.647020+00:00 [queued]>
[2024-12-22T15:31:39.820+0000] {taskinstance.py:2306} INFO - Starting attempt 1 of 1
[2024-12-22T15:31:39.838+0000] {taskinstance.py:2330} INFO - Executing <Task(_PythonDecoratedOperator): fetch_data_from_csv> on 2024-12-22 15:31:16.647020+00:00
[2024-12-22T15:31:39.843+0000] {standard_task_runner.py:64} INFO - Started process 429 to run task
[2024-12-22T15:31:39.846+0000] {standard_task_runner.py:90} INFO - Running: ['***', 'tasks', 'run', 'pipeline', 'fetch_data_from_csv', 'manual__2024-12-22T15:31:16.647020+00:00', '--job-id', '692', '--raw', '--subdir', 'DAGS_FOLDER/pipline.py', '--cfg-path', '/tmp/tmpt424jyto']
[2024-12-22T15:31:39.852+0000] {standard_task_runner.py:91} INFO - Job 692: Subtask fetch_data_from_csv
[2024-12-22T15:31:39.900+0000] {task_command.py:426} INFO - Running <TaskInstance: pipeline.fetch_data_from_csv manual__2024-12-22T15:31:16.647020+00:00 [running]> on host 8dff7047e9ba
[2024-12-22T15:31:40.022+0000] {taskinstance.py:2648} INFO - Exporting env vars: AIRFLOW_CTX_DAG_OWNER='***' AIRFLOW_CTX_DAG_ID='pipeline' AIRFLOW_CTX_TASK_ID='fetch_data_from_csv' AIRFLOW_CTX_EXECUTION_DATE='2024-12-22T15:31:16.647020+00:00' AIRFLOW_CTX_TRY_NUMBER='1' AIRFLOW_CTX_DAG_RUN_ID='manual__2024-12-22T15:31:16.647020+00:00'
[2024-12-22T15:31:40.024+0000] {taskinstance.py:430} INFO - ::endgroup::
[2024-12-22T15:31:40.025+0000] {taskinstance.py:441} INFO - ::group::Post task execution logs
[2024-12-22T15:31:40.025+0000] {taskinstance.py:2905} ERROR - Task failed with exception
Traceback (most recent call last):
  File "/home/airflow/.local/lib/python3.11/site-packages/airflow/models/taskinstance.py", line 465, in _execute_task
    result = _execute_callable(context=context, **execute_callable_kwargs)
             ^^^^^^^^^^^^^^^^^^^^^^^^^^^^^^^^^^^^^^^^^^^^^^^^^^^^^^^^^^^^^
  File "/home/airflow/.local/lib/python3.11/site-packages/airflow/models/taskinstance.py", line 432, in _execute_callable
    return execute_callable(context=context, **execute_callable_kwargs)
           ^^^^^^^^^^^^^^^^^^^^^^^^^^^^^^^^^^^^^^^^^^^^^^^^^^^^^^^^^^^^
  File "/home/airflow/.local/lib/python3.11/site-packages/airflow/models/baseoperator.py", line 401, in wrapper
    return func(self, *args, **kwargs)
           ^^^^^^^^^^^^^^^^^^^^^^^^^^^
  File "/home/airflow/.local/lib/python3.11/site-packages/airflow/decorators/base.py", line 265, in execute
    return_value = super().execute(context)
                   ^^^^^^^^^^^^^^^^^^^^^^^^
  File "/home/airflow/.local/lib/python3.11/site-packages/airflow/models/baseoperator.py", line 401, in wrapper
    return func(self, *args, **kwargs)
           ^^^^^^^^^^^^^^^^^^^^^^^^^^^
  File "/home/airflow/.local/lib/python3.11/site-packages/airflow/operators/python.py", line 235, in execute
    return_value = self.execute_callable()
                   ^^^^^^^^^^^^^^^^^^^^^^^
  File "/home/airflow/.local/lib/python3.11/site-packages/airflow/operators/python.py", line 252, in execute_callable
    return self.python_callable(*self.op_args, **self.op_kwargs)
           ^^^^^^^^^^^^^^^^^^^^^^^^^^^^^^^^^^^^^^^^^^^^^^^^^^^^^
  File "/opt/airflow/dags/pipline.py", line 99, in fetch_data_from_csv
    spark = SparkSession.builder.appName("PySpark Example").getOrCreate()
            ^^^^^^^^^^^^
NameError: name 'SparkSession' is not defined
[2024-12-22T15:31:40.039+0000] {taskinstance.py:1206} INFO - Marking task as FAILED. dag_id=pipeline, task_id=fetch_data_from_csv, run_id=manual__2024-12-22T15:31:16.647020+00:00, execution_date=20241222T153116, start_date=20241222T153139, end_date=20241222T153140
[2024-12-22T15:31:40.055+0000] {standard_task_runner.py:110} ERROR - Failed to execute job 692 for task fetch_data_from_csv (name 'SparkSession' is not defined; 429)
[2024-12-22T15:31:40.099+0000] {local_task_job_runner.py:243} INFO - Task exited with return code 1
[2024-12-22T15:31:40.113+0000] {taskinstance.py:3503} INFO - 0 downstream tasks scheduled from follow-on schedule check
[2024-12-22T15:31:40.116+0000] {local_task_job_runner.py:222} INFO - ::endgroup::
