[2024-12-23T01:09:29.966+0000] {local_task_job_runner.py:120} INFO - ::group::Pre task execution logs
[2024-12-23T01:09:30.004+0000] {taskinstance.py:2076} INFO - Dependencies all met for dep_context=non-requeueable deps ti=<TaskInstance: pipeline.insert_data_into_data_warehouse manual__2024-12-23T01:09:07.932677+00:00 [queued]>
[2024-12-23T01:09:30.017+0000] {taskinstance.py:2076} INFO - Dependencies all met for dep_context=requeueable deps ti=<TaskInstance: pipeline.insert_data_into_data_warehouse manual__2024-12-23T01:09:07.932677+00:00 [queued]>
[2024-12-23T01:09:30.018+0000] {taskinstance.py:2306} INFO - Starting attempt 1 of 1
[2024-12-23T01:09:30.041+0000] {taskinstance.py:2330} INFO - Executing <Task(_PythonDecoratedOperator): insert_data_into_data_warehouse> on 2024-12-23 01:09:07.932677+00:00
[2024-12-23T01:09:30.046+0000] {standard_task_runner.py:64} INFO - Started process 1679 to run task
[2024-12-23T01:09:30.050+0000] {standard_task_runner.py:90} INFO - Running: ['***', 'tasks', 'run', 'pipeline', 'insert_data_into_data_warehouse', 'manual__2024-12-23T01:09:07.932677+00:00', '--job-id', '792', '--raw', '--subdir', 'DAGS_FOLDER/pipline.py', '--cfg-path', '/tmp/tmpko3vt475']
[2024-12-23T01:09:30.053+0000] {standard_task_runner.py:91} INFO - Job 792: Subtask insert_data_into_data_warehouse
[2024-12-23T01:09:30.110+0000] {task_command.py:426} INFO - Running <TaskInstance: pipeline.insert_data_into_data_warehouse manual__2024-12-23T01:09:07.932677+00:00 [running]> on host d2fbd31a9cb5
[2024-12-23T01:09:30.241+0000] {taskinstance.py:2648} INFO - Exporting env vars: AIRFLOW_CTX_DAG_OWNER='***' AIRFLOW_CTX_DAG_ID='pipeline' AIRFLOW_CTX_TASK_ID='insert_data_into_data_warehouse' AIRFLOW_CTX_EXECUTION_DATE='2024-12-23T01:09:07.932677+00:00' AIRFLOW_CTX_TRY_NUMBER='1' AIRFLOW_CTX_DAG_RUN_ID='manual__2024-12-23T01:09:07.932677+00:00'
[2024-12-23T01:09:30.242+0000] {taskinstance.py:430} INFO - ::endgroup::
[2024-12-23T01:09:37.344+0000] {taskinstance.py:441} INFO - ::group::Post task execution logs
[2024-12-23T01:09:37.345+0000] {taskinstance.py:2905} ERROR - Task failed with exception
Traceback (most recent call last):
  File "/home/airflow/.local/lib/python3.11/site-packages/airflow/models/taskinstance.py", line 465, in _execute_task
    result = _execute_callable(context=context, **execute_callable_kwargs)
             ^^^^^^^^^^^^^^^^^^^^^^^^^^^^^^^^^^^^^^^^^^^^^^^^^^^^^^^^^^^^^
  File "/home/airflow/.local/lib/python3.11/site-packages/airflow/models/taskinstance.py", line 432, in _execute_callable
    return execute_callable(context=context, **execute_callable_kwargs)
           ^^^^^^^^^^^^^^^^^^^^^^^^^^^^^^^^^^^^^^^^^^^^^^^^^^^^^^^^^^^^
  File "/home/airflow/.local/lib/python3.11/site-packages/airflow/models/baseoperator.py", line 401, in wrapper
    return func(self, *args, **kwargs)
           ^^^^^^^^^^^^^^^^^^^^^^^^^^^
  File "/home/airflow/.local/lib/python3.11/site-packages/airflow/decorators/base.py", line 265, in execute
    return_value = super().execute(context)
                   ^^^^^^^^^^^^^^^^^^^^^^^^
  File "/home/airflow/.local/lib/python3.11/site-packages/airflow/models/baseoperator.py", line 401, in wrapper
    return func(self, *args, **kwargs)
           ^^^^^^^^^^^^^^^^^^^^^^^^^^^
  File "/home/airflow/.local/lib/python3.11/site-packages/airflow/operators/python.py", line 235, in execute
    return_value = self.execute_callable()
                   ^^^^^^^^^^^^^^^^^^^^^^^
  File "/home/airflow/.local/lib/python3.11/site-packages/airflow/operators/python.py", line 252, in execute_callable
    return self.python_callable(*self.op_args, **self.op_kwargs)
           ^^^^^^^^^^^^^^^^^^^^^^^^^^^^^^^^^^^^^^^^^^^^^^^^^^^^^
  File "/opt/airflow/dags/pipline.py", line 153, in insert_data_into_data_warehouse
    df = spark.read.parquet(output_path)
         ^^^^^^^^^^^^^^^^^^^^^^^^^^^^^^^
  File "/home/airflow/.local/lib/python3.11/site-packages/pyspark/sql/readwriter.py", line 544, in parquet
    return self._df(self._jreader.parquet(_to_seq(self._spark._sc, paths)))
                    ^^^^^^^^^^^^^^^^^^^^^^^^^^^^^^^^^^^^^^^^^^^^^^^^^^^^^^
  File "/home/airflow/.local/lib/python3.11/site-packages/py4j/java_gateway.py", line 1322, in __call__
    return_value = get_return_value(
                   ^^^^^^^^^^^^^^^^^
  File "/home/airflow/.local/lib/python3.11/site-packages/pyspark/errors/exceptions/captured.py", line 185, in deco
    raise converted from None
pyspark.errors.exceptions.captured.IllegalArgumentException: Can not create a Path from a null string
[2024-12-23T01:09:37.372+0000] {taskinstance.py:1206} INFO - Marking task as FAILED. dag_id=pipeline, task_id=insert_data_into_data_warehouse, run_id=manual__2024-12-23T01:09:07.932677+00:00, execution_date=20241223T010907, start_date=20241223T010930, end_date=20241223T010937
[2024-12-23T01:09:37.397+0000] {standard_task_runner.py:110} ERROR - Failed to execute job 792 for task insert_data_into_data_warehouse (Can not create a Path from a null string; 1679)
[2024-12-23T01:09:37.414+0000] {local_task_job_runner.py:243} INFO - Task exited with return code 1
[2024-12-23T01:09:37.435+0000] {taskinstance.py:3503} INFO - 0 downstream tasks scheduled from follow-on schedule check
[2024-12-23T01:09:37.438+0000] {local_task_job_runner.py:222} INFO - ::endgroup::
